#
# There is insufficient memory for the Java Runtime Environment to continue.
# Native memory allocation (malloc) failed to allocate 636336 bytes for Chunk::new
# Possible reasons:
#   The system is out of physical RAM or swap space
#   The process is running with CompressedOops enabled, and the Java Heap may be blocking the growth of the native heap
# Possible solutions:
#   Reduce memory load on the system
#   Increase physical memory or swap space
#   Check if swap backing store is full
#   Decrease Java heap size (-Xmx/-Xms)
#   Decrease number of Java threads
#   Decrease Java thread stack sizes (-Xss)
#   Set larger code cache with -XX:ReservedCodeCacheSize=
#   JVM is running with Unscaled Compressed Oops mode in which the Java heap is
#     placed in the first 4GB address space. The Java Heap base address is the
#     maximum limit for the native heap growth. Please use -XX:HeapBaseMinAddress
#     to set the Java Heap base and to place the Java Heap above 4GB virtual address.
# This output file may be truncated or incomplete.
#
#  Out of Memory Error (./src/hotspot/share/memory/arena.cpp:197), pid=15148, tid=3676
#
# JRE version: OpenJDK Runtime Environment (11.0.8+10) (build 11.0.8+10-b944.6842174)
# Java VM: OpenJDK 64-Bit Server VM (11.0.8+10-b944.6842174, mixed mode, tiered, compressed oops, g1 gc, windows-amd64)
# No core dump will be written. Minidumps are not enabled by default on client versions of Windows
#

---------------  S U M M A R Y ------------

Command Line: --add-opens=java.base/java.util=ALL-UNNAMED --add-opens=java.base/java.lang=ALL-UNNAMED --add-opens=java.base/java.lang.invoke=ALL-UNNAMED --add-opens=java.prefs/java.util.prefs=ALL-UNNAMED -Xmx2048m -Dfile.encoding=UTF-8 -Duser.country=US -Duser.language=en -Duser.variant org.gradle.launcher.daemon.bootstrap.GradleDaemon 6.7.1

Host: Intel(R) Core(TM) i7-10700 CPU @ 2.90GHz, 16 cores, 15G,  Windows 10 , 64 bit Build 19041 (10.0.19041.1023)
Time: Fri May 28 21:24:33 2021 Taipei Standard Time elapsed time: 2 seconds (0d 0h 0m 2s)

---------------  T H R E A D  ---------------

Current thread (0x00000220089e4800):  JavaThread "C2 CompilerThread2" daemon [_thread_in_native, id=3676, stack(0x000000cf4b300000,0x000000cf4b400000)]


Current CompileTask:
C2:   2349 2517   !   4       java.net.URL::<init> (543 bytes)

Stack: [0x000000cf4b300000,0x000000cf4b400000]
Native frames: (J=compiled Java code, j=interpreted, Vv=VM code, C=native code)
V  [jvm.dll+0x5de50a]
V  [jvm.dll+0x7122f5]
V  [jvm.dll+0x71384d]
V  [jvm.dll+0x713f03]
V  [jvm.dll+0x23e728]
V  [jvm.dll+0xb899c]
V  [jvm.dll+0xb8e9c]
V  [jvm.dll+0x2b20e4]
V  [jvm.dll+0x502098]
V  [jvm.dll+0x1ff393]
V  [jvm.dll+0x1f917c]
V  [jvm.dll+0x1f685f]
V  [jvm.dll+0x17f32c]
V  [jvm.dll+0x205047]
V  [jvm.dll+0x203891]
V  [jvm.dll+0x6dad3f]
V  [jvm.dll+0x6d3895]
V  [jvm.dll+0x5dd4a6]
C  [ucrtbase.dll+0x21bb2]
C  [KERNEL32.DLL+0x17034]
C  [ntdll.dll+0x52651]


---------------  P R O C E S S  ---------------

Threads class SMR info:
_java_thread_list=0x0000022008fc5af0, length=32, elements={
0x000002206939b800, 0x00000220052d7000, 0x00000220052d8800, 0x0000022005338800,
0x000002200533a000, 0x000002200533b000, 0x000002200533e000, 0x0000022005341000,
0x00000220054a6800, 0x00000220054b2000, 0x00000220054f8800, 0x00000220057b9000,
0x0000022005c5c800, 0x000002200595b800, 0x00000220086d6800, 0x00000220081ed800,
0x0000022007133800, 0x0000022008727000, 0x0000022006952000, 0x000002200678f000,
0x0000022007632000, 0x0000022007f48000, 0x0000022007d0c000, 0x0000022007517800,
0x0000022007514000, 0x0000022007511800, 0x0000022007515000, 0x0000022007518000,
0x00000220089e4800, 0x0000022007512800, 0x0000022007516800, 0x0000022007515800
}

Java Threads: ( => current thread )
  0x000002206939b800 JavaThread "main" [_thread_blocked, id=17104, stack(0x000000cf48000000,0x000000cf48100000)]
  0x00000220052d7000 JavaThread "Reference Handler" daemon [_thread_blocked, id=14312, stack(0x000000cf48700000,0x000000cf48800000)]
  0x00000220052d8800 JavaThread "Finalizer" daemon [_thread_blocked, id=8036, stack(0x000000cf48800000,0x000000cf48900000)]
  0x0000022005338800 JavaThread "Signal Dispatcher" daemon [_thread_blocked, id=12840, stack(0x000000cf48900000,0x000000cf48a00000)]
  0x000002200533a000 JavaThread "Attach Listener" daemon [_thread_blocked, id=13072, stack(0x000000cf48a00000,0x000000cf48b00000)]
  0x000002200533b000 JavaThread "C2 CompilerThread0" daemon [_thread_in_native, id=16040, stack(0x000000cf48b00000,0x000000cf48c00000)]
  0x000002200533e000 JavaThread "C1 CompilerThread0" daemon [_thread_blocked, id=10740, stack(0x000000cf48c00000,0x000000cf48d00000)]
  0x0000022005341000 JavaThread "Sweeper thread" daemon [_thread_blocked, id=3440, stack(0x000000cf48d00000,0x000000cf48e00000)]
  0x00000220054a6800 JavaThread "C1 CompilerThread1" daemon [_thread_blocked, id=15320, stack(0x000000cf48e00000,0x000000cf48f00000)]
  0x00000220054b2000 JavaThread "Common-Cleaner" daemon [_thread_blocked, id=6904, stack(0x000000cf48f00000,0x000000cf49000000)]
  0x00000220054f8800 JavaThread "Service Thread" daemon [_thread_blocked, id=14732, stack(0x000000cf49000000,0x000000cf49100000)]
  0x00000220057b9000 JavaThread "C2 CompilerThread1" daemon [_thread_in_native, id=16092, stack(0x000000cf49200000,0x000000cf49300000)]
  0x0000022005c5c800 JavaThread "C1 CompilerThread2" daemon [_thread_blocked, id=16332, stack(0x000000cf49400000,0x000000cf49500000)]
  0x000002200595b800 JavaThread "C1 CompilerThread3" daemon [_thread_blocked, id=14664, stack(0x000000cf49500000,0x000000cf49600000)]
  0x00000220086d6800 JavaThread "Daemon health stats" [_thread_blocked, id=12768, stack(0x000000cf49c00000,0x000000cf49d00000)]
  0x00000220081ed800 JavaThread "Incoming local TCP Connector on port 10457" [_thread_in_native, id=13736, stack(0x000000cf49300000,0x000000cf49400000)]
  0x0000022007133800 JavaThread "Daemon periodic checks" [_thread_blocked, id=12140, stack(0x000000cf49e00000,0x000000cf49f00000)]
  0x0000022008727000 JavaThread "Daemon" [_thread_blocked, id=16188, stack(0x000000cf49f00000,0x000000cf4a000000)]
  0x0000022006952000 JavaThread "Handler for socket connection from /127.0.0.1:10457 to /127.0.0.1:10458" [_thread_in_native, id=16548, stack(0x000000cf4a000000,0x000000cf4a100000)]
  0x000002200678f000 JavaThread "Cancel handler" [_thread_blocked, id=15268, stack(0x000000cf4a100000,0x000000cf4a200000)]
  0x0000022007632000 JavaThread "Daemon worker" [_thread_blocked, id=3576, stack(0x000000cf4a200000,0x000000cf4a300000)]
  0x0000022007f48000 JavaThread "Asynchronous log dispatcher for DefaultDaemonConnection: socket connection from /127.0.0.1:10457 to /127.0.0.1:10458" [_thread_blocked, id=8680, stack(0x000000cf4a300000,0x000000cf4a400000)]
  0x0000022007d0c000 JavaThread "Stdin handler" [_thread_blocked, id=16388, stack(0x000000cf4a400000,0x000000cf4a500000)]
  0x0000022007517800 JavaThread "Thread-8" [_thread_blocked, id=7472, stack(0x000000cf4a500000,0x000000cf4a600000)]
  0x0000022007514000 JavaThread "Cache worker for file hash cache (C:\Users\roder\.gradle\caches\6.7.1\fileHashes)" [_thread_blocked, id=2748, stack(0x000000cf4a600000,0x000000cf4a700000)]
  0x0000022007511800 JavaThread "File lock request listener" [_thread_in_native, id=13648, stack(0x000000cf4a700000,0x000000cf4a800000)]
  0x0000022007515000 JavaThread "Cache worker for journal cache (C:\Users\roder\.gradle\caches\journal-1)" [_thread_blocked, id=17080, stack(0x000000cf4b100000,0x000000cf4b200000)]
  0x0000022007518000 JavaThread "Cache worker for file hash cache (E:\SDK\my-projects\BikePathTaipei\.gradle\6.7.1\fileHashes)" [_thread_blocked, id=4056, stack(0x000000cf4b200000,0x000000cf4b300000)]
=>0x00000220089e4800 JavaThread "C2 CompilerThread2" daemon [_thread_in_native, id=3676, stack(0x000000cf4b300000,0x000000cf4b400000)]
  0x0000022007512800 JavaThread "Cache worker for checksums cache (E:\SDK\my-projects\BikePathTaipei\.gradle\checksums)" [_thread_blocked, id=2132, stack(0x000000cf4b400000,0x000000cf4b500000)]
  0x0000022007516800 JavaThread "Cache worker for cache directory md-supplier (C:\Users\roder\.gradle\caches\6.7.1\md-supplier)" [_thread_blocked, id=3240, stack(0x000000cf4b500000,0x000000cf4b600000)]
  0x0000022007515800 JavaThread "Cache worker for cache directory md-rule (C:\Users\roder\.gradle\caches\6.7.1\md-rule)" [_thread_blocked, id=15736, stack(0x000000cf4b600000,0x000000cf4b700000)]

Other Threads:
  0x00000220052d2800 VMThread "VM Thread" [stack: 0x000000cf48600000,0x000000cf48700000] [id=5512]
  0x00000220054f9000 WatcherThread [stack: 0x000000cf49100000,0x000000cf49200000] [id=10464]
  0x00000220693b4000 GCTaskThread "GC Thread#0" [stack: 0x000000cf48100000,0x000000cf48200000] [id=10272]
  0x000002200602b000 GCTaskThread "GC Thread#1" [stack: 0x000000cf49600000,0x000000cf49700000] [id=14328]
  0x0000022005f5f800 GCTaskThread "GC Thread#2" [stack: 0x000000cf49700000,0x000000cf49800000] [id=8520]
  0x000002200608f800 GCTaskThread "GC Thread#3" [stack: 0x000000cf49800000,0x000000cf49900000] [id=14012]
  0x0000022006090000 GCTaskThread "GC Thread#4" [stack: 0x000000cf49900000,0x000000cf49a00000] [id=6140]
  0x00000220062a0000 GCTaskThread "GC Thread#5" [stack: 0x000000cf49a00000,0x000000cf49b00000] [id=10012]
  0x0000022006462800 GCTaskThread "GC Thread#6" [stack: 0x000000cf4a800000,0x000000cf4a900000] [id=15624]
  0x0000022007e63800 GCTaskThread "GC Thread#7" [stack: 0x000000cf4a900000,0x000000cf4aa00000] [id=8736]
  0x0000022006d2a000 GCTaskThread "GC Thread#8" [stack: 0x000000cf4aa00000,0x000000cf4ab00000] [id=11564]
  0x0000022006d2a800 GCTaskThread "GC Thread#9" [stack: 0x000000cf4ab00000,0x000000cf4ac00000] [id=2364]
  0x0000022006d2b800 GCTaskThread "GC Thread#10" [stack: 0x000000cf4ac00000,0x000000cf4ad00000] [id=16376]
  0x00000220079fc800 GCTaskThread "GC Thread#11" [stack: 0x000000cf4ad00000,0x000000cf4ae00000] [id=5128]
  0x00000220079fd800 GCTaskThread "GC Thread#12" [stack: 0x000000cf4ae00000,0x000000cf4af00000] [id=5996]
  0x00000220693e7800 ConcurrentGCThread "G1 Main Marker" [stack: 0x000000cf48200000,0x000000cf48300000] [id=14768]
  0x00000220693e9800 ConcurrentGCThread "G1 Conc#0" [stack: 0x000000cf48300000,0x000000cf48400000] [id=9660]
  0x0000022008771800 ConcurrentGCThread "G1 Conc#1" [stack: 0x000000cf4af00000,0x000000cf4b000000] [id=12692]
  0x0000022008773000 ConcurrentGCThread "G1 Conc#2" [stack: 0x000000cf4b000000,0x000000cf4b100000] [id=8832]
  0x000002206947e000 ConcurrentGCThread "G1 Refine#0" [stack: 0x000000cf48400000,0x000000cf48500000] [id=5024]
  0x000002200491c800 ConcurrentGCThread "G1 Young RemSet Sampling" [stack: 0x000000cf48500000,0x000000cf48600000] [id=4212]

Threads with active compile tasks:
C2 CompilerThread0   2361 2340       4       java.net.URLClassLoader$1::run (5 bytes)
C2 CompilerThread1   2361 2341   !   4       java.net.URLClassLoader$1::run (63 bytes)
C2 CompilerThread2   2361 2517   !   4       java.net.URL::<init> (543 bytes)

VM state:at safepoint (normal execution)

VM Mutex/Monitor currently owned by a thread:  ([mutex/lock_event])
[0x00000220693970a0] Threads_lock - owner thread: 0x00000220052d2800
[0x00000220693982a0] Heap_lock - owner thread: 0x00000220693e7800

Heap address: 0x0000000080000000, size: 2048 MB, Compressed Oops mode: 32-bit
Narrow klass base: 0x0000000000000000, Narrow klass shift: 3
Compressed class space size: 1073741824 Address: 0x0000000100000000

Heap:
 garbage-first heap   total 262144K, used 19440K [0x0000000080000000, 0x0000000100000000)
  region size 1024K, 5 young (5120K), 3 survivors (3072K)
 Metaspace       used 28080K, capacity 28747K, committed 28976K, reserved 1081344K
  class space    used 3697K, capacity 3924K, committed 3968K, reserved 1048576K
Heap Regions: E=young(eden), S=young(survivor), O=old, HS=humongous(starts), HC=humongous(continues), CS=collection set, F=free, A=archive, TAMS=top-at-mark-start (previous, next)
|   0|0x0000000080000000, 0x0000000080100000, 0x0000000080100000|100%| O|  |TAMS 0x0000000080000000, 0x0000000080100000| Untracked 
|   1|0x0000000080100000, 0x0000000080200000, 0x0000000080200000|100%| O|  |TAMS 0x0000000080100000, 0x0000000080200000| Untracked 
|   2|0x0000000080200000, 0x0000000080300000, 0x0000000080300000|100%| O|  |TAMS 0x0000000080200000, 0x0000000080300000| Untracked 
|   3|0x0000000080300000, 0x0000000080400000, 0x0000000080400000|100%|HS|  |TAMS 0x0000000080400000, 0x0000000080400000| Complete 
|   4|0x0000000080400000, 0x0000000080500000, 0x0000000080500000|100%|HC|  |TAMS 0x0000000080500000, 0x0000000080500000| Complete 
|   5|0x0000000080500000, 0x0000000080600000, 0x0000000080600000|100%|HC|  |TAMS 0x0000000080600000, 0x0000000080600000| Complete 
|   6|0x0000000080600000, 0x0000000080700000, 0x0000000080700000|100%| O|  |TAMS 0x0000000080700000, 0x0000000080700000| Untracked 
|   7|0x0000000080700000, 0x0000000080800000, 0x0000000080800000|100%| O|  |TAMS 0x0000000080800000, 0x0000000080800000| Untracked 
|   8|0x0000000080800000, 0x0000000080900000, 0x0000000080900000|100%| O|  |TAMS 0x000000008083d400, 0x0000000080900000| Untracked 
|   9|0x0000000080900000, 0x0000000080a00000, 0x0000000080a00000|100%| O|  |TAMS 0x0000000080900000, 0x0000000080a00000| Untracked 
|  10|0x0000000080a00000, 0x0000000080b00000, 0x0000000080b00000|100%| O|  |TAMS 0x0000000080a00000, 0x0000000080b00000| Untracked 
|  11|0x0000000080b00000, 0x0000000080c00000, 0x0000000080c00000|100%| O|  |TAMS 0x0000000080b00000, 0x0000000080c00000| Untracked 
|  12|0x0000000080c00000, 0x0000000080d00000, 0x0000000080d00000|100%| O|  |TAMS 0x0000000080c00000, 0x0000000080d00000| Untracked 
|  13|0x0000000080d00000, 0x0000000080e00000, 0x0000000080e00000|100%| O|  |TAMS 0x0000000080d00000, 0x0000000080e00000| Untracked 
|  14|0x0000000080e00000, 0x0000000080f00000, 0x0000000080f00000|100%| O|  |TAMS 0x0000000080e00000, 0x0000000080f00000| Untracked 
|  15|0x0000000080f00000, 0x0000000080f2fe00, 0x0000000081000000| 18%| O|  |TAMS 0x0000000080f00000, 0x0000000080f2fe00| Untracked 
|  16|0x0000000081000000, 0x0000000081000000, 0x0000000081100000|  0%| F|  |TAMS 0x0000000081000000, 0x0000000081000000| Untracked 
|  17|0x0000000081100000, 0x0000000081100000, 0x0000000081200000|  0%| F|  |TAMS 0x0000000081100000, 0x0000000081100000| Untracked 
|  18|0x0000000081200000, 0x0000000081200000, 0x0000000081300000|  0%| F|  |TAMS 0x0000000081200000, 0x0000000081200000| Untracked 
|  19|0x0000000081300000, 0x0000000081300000, 0x0000000081400000|  0%| F|  |TAMS 0x0000000081300000, 0x0000000081300000| Untracked 
|  20|0x0000000081400000, 0x0000000081400000, 0x0000000081500000|  0%| F|  |TAMS 0x0000000081400000, 0x0000000081400000| Untracked 
|  21|0x0000000081500000, 0x0000000081500000, 0x0000000081600000|  0%| F|  |TAMS 0x0000000081500000, 0x0000000081500000| Untracked 
|  22|0x0000000081600000, 0x0000000081600000, 0x0000000081700000|  0%| F|  |TAMS 0x0000000081600000, 0x0000000081600000| Untracked 
|  23|0x0000000081700000, 0x0000000081700000, 0x0000000081800000|  0%| F|  |TAMS 0x0000000081700000, 0x0000000081700000| Untracked 
|  24|0x0000000081800000, 0x0000000081800000, 0x0000000081900000|  0%| F|  |TAMS 0x0000000081800000, 0x0000000081800000| Untracked 
|  25|0x0000000081900000, 0x0000000081900000, 0x0000000081a00000|  0%| F|  |TAMS 0x0000000081900000, 0x0000000081900000| Untracked 
|  26|0x0000000081a00000, 0x0000000081a00000, 0x0000000081b00000|  0%| F|  |TAMS 0x0000000081a00000, 0x0000000081a00000| Untracked 
|  27|0x0000000081b00000, 0x0000000081b00000, 0x0000000081c00000|  0%| F|  |TAMS 0x0000000081b00000, 0x0000000081b00000| Untracked 
|  28|0x0000000081c00000, 0x0000000081c00000, 0x0000000081d00000|  0%| F|  |TAMS 0x0000000081c00000, 0x0000000081c00000| Untracked 
|  29|0x0000000081d00000, 0x0000000081d00000, 0x0000000081e00000|  0%| F|  |TAMS 0x0000000081d00000, 0x0000000081d00000| Untracked 
|  30|0x0000000081e00000, 0x0000000081e00000, 0x0000000081f00000|  0%| F|  |TAMS 0x0000000081e00000, 0x0000000081e00000| Untracked 
|  31|0x0000000081f00000, 0x0000000081f00000, 0x0000000082000000|  0%| F|  |TAMS 0x0000000081f00000, 0x0000000081f00000| Untracked 
|  32|0x0000000082000000, 0x0000000082000000, 0x0000000082100000|  0%| F|  |TAMS 0x0000000082000000, 0x0000000082000000| Untracked 
|  33|0x0000000082100000, 0x0000000082100000, 0x0000000082200000|  0%| F|  |TAMS 0x0000000082100000, 0x0000000082100000| Untracked 
|  34|0x0000000082200000, 0x0000000082200000, 0x0000000082300000|  0%| F|  |TAMS 0x0000000082200000, 0x0000000082200000| Untracked 
|  35|0x0000000082300000, 0x0000000082300000, 0x0000000082400000|  0%| F|  |TAMS 0x0000000082300000, 0x0000000082300000| Untracked 
|  36|0x0000000082400000, 0x0000000082400000, 0x0000000082500000|  0%| F|  |TAMS 0x0000000082400000, 0x0000000082400000| Untracked 
|  37|0x0000000082500000, 0x0000000082500000, 0x0000000082600000|  0%| F|  |TAMS 0x0000000082500000, 0x0000000082500000| Untracked 
|  38|0x0000000082600000, 0x0000000082600000, 0x0000000082700000|  0%| F|  |TAMS 0x0000000082600000, 0x0000000082600000| Untracked 
|  39|0x0000000082700000, 0x0000000082700000, 0x0000000082800000|  0%| F|  |TAMS 0x0000000082700000, 0x0000000082700000| Untracked 
|  40|0x0000000082800000, 0x0000000082800000, 0x0000000082900000|  0%| F|  |TAMS 0x0000000082800000, 0x0000000082800000| Untracked 
|  41|0x0000000082900000, 0x0000000082900000, 0x0000000082a00000|  0%| F|  |TAMS 0x0000000082900000, 0x0000000082900000| Untracked 
|  42|0x0000000082a00000, 0x0000000082a00000, 0x0000000082b00000|  0%| F|  |TAMS 0x0000000082a00000, 0x0000000082a00000| Untracked 
|  43|0x0000000082b00000, 0x0000000082b00000, 0x0000000082c00000|  0%| F|  |TAMS 0x0000000082b00000, 0x0000000082b00000| Untracked 
|  44|0x0000000082c00000, 0x0000000082c00000, 0x0000000082d00000|  0%| F|  |TAMS 0x0000000082c00000, 0x0000000082c00000| Untracked 
|  45|0x0000000082d00000, 0x0000000082d00000, 0x0000000082e00000|  0%| F|  |TAMS 0x0000000082d00000, 0x0000000082d00000| Untracked 
|  46|0x0000000082e00000, 0x0000000082e00000, 0x0000000082f00000|  0%| F|  |TAMS 0x0000000082e00000, 0x0000000082e00000| Untracked 
|  47|0x0000000082f00000, 0x0000000082f00000, 0x0000000083000000|  0%| F|  |TAMS 0x0000000082f00000, 0x0000000082f00000| Untracked 
|  48|0x0000000083000000, 0x0000000083000000, 0x0000000083100000|  0%| F|  |TAMS 0x0000000083000000, 0x0000000083000000| Untracked 
|  49|0x0000000083100000, 0x0000000083100000, 0x0000000083200000|  0%| F|  |TAMS 0x0000000083100000, 0x0000000083100000| Untracked 
|  50|0x0000000083200000, 0x0000000083200000, 0x0000000083300000|  0%| F|  |TAMS 0x0000000083200000, 0x0000000083200000| Untracked 
|  51|0x0000000083300000, 0x0000000083300000, 0x0000000083400000|  0%| F|  |TAMS 0x0000000083300000, 0x0000000083300000| Untracked 
|  52|0x0000000083400000, 0x0000000083400000, 0x0000000083500000|  0%| F|  |TAMS 0x0000000083400000, 0x0000000083400000| Untracked 
|  53|0x0000000083500000, 0x0000000083500000, 0x0000000083600000|  0%| F|  |TAMS 0x0000000083500000, 0x0000000083500000| Untracked 
|  54|0x0000000083600000, 0x0000000083600000, 0x0000000083700000|  0%| F|  |TAMS 0x0000000083600000, 0x0000000083600000| Untracked 
|  55|0x0000000083700000, 0x0000000083700000, 0x0000000083800000|  0%| F|  |TAMS 0x0000000083700000, 0x0000000083700000| Untracked 
|  56|0x0000000083800000, 0x0000000083800000, 0x0000000083900000|  0%| F|  |TAMS 0x0000000083800000, 0x0000000083800000| Untracked 
|  57|0x0000000083900000, 0x0000000083900000, 0x0000000083a00000|  0%| F|  |TAMS 0x0000000083900000, 0x0000000083900000| Untracked 
|  58|0x0000000083a00000, 0x0000000083a00000, 0x0000000083b00000|  0%| F|  |TAMS 0x0000000083a00000, 0x0000000083a00000| Untracked 
|  59|0x0000000083b00000, 0x0000000083b00000, 0x0000000083c00000|  0%| F|  |TAMS 0x0000000083b00000, 0x0000000083b00000| Untracked 
|  60|0x0000000083c00000, 0x0000000083c00000, 0x0000000083d00000|  0%| F|  |TAMS 0x0000000083c00000, 0x0000000083c00000| Untracked 
|  61|0x0000000083d00000, 0x0000000083d00000, 0x0000000083e00000|  0%| F|  |TAMS 0x0000000083d00000, 0x0000000083d00000| Untracked 
|  62|0x0000000083e00000, 0x0000000083e00000, 0x0000000083f00000|  0%| F|  |TAMS 0x0000000083e00000, 0x0000000083e00000| Untracked 
|  63|0x0000000083f00000, 0x0000000083f00000, 0x0000000084000000|  0%| F|  |TAMS 0x0000000083f00000, 0x0000000083f00000| Untracked 
|  64|0x0000000084000000, 0x0000000084000000, 0x0000000084100000|  0%| F|  |TAMS 0x0000000084000000, 0x0000000084000000| Untracked 
|  65|0x0000000084100000, 0x0000000084100000, 0x0000000084200000|  0%| F|  |TAMS 0x0000000084100000, 0x0000000084100000| Untracked 
|  66|0x0000000084200000, 0x0000000084200000, 0x0000000084300000|  0%| F|  |TAMS 0x0000000084200000, 0x0000000084200000| Untracked 
|  67|0x0000000084300000, 0x0000000084300000, 0x0000000084400000|  0%| F|  |TAMS 0x0000000084300000, 0x0000000084300000| Untracked 
|  68|0x0000000084400000, 0x0000000084400000, 0x0000000084500000|  0%| F|  |TAMS 0x0000000084400000, 0x0000000084400000| Untracked 
|  69|0x0000000084500000, 0x0000000084500000, 0x0000000084600000|  0%| F|  |TAMS 0x0000000084500000, 0x0000000084500000| Untracked 
|  70|0x0000000084600000, 0x0000000084600000, 0x0000000084700000|  0%| F|  |TAMS 0x0000000084600000, 0x0000000084600000| Untracked 
|  71|0x0000000084700000, 0x0000000084700000, 0x0000000084800000|  0%| F|  |TAMS 0x0000000084700000, 0x0000000084700000| Untracked 
|  72|0x0000000084800000, 0x0000000084800000, 0x0000000084900000|  0%| F|  |TAMS 0x0000000084800000, 0x0000000084800000| Untracked 
|  73|0x0000000084900000, 0x0000000084900000, 0x0000000084a00000|  0%| F|  |TAMS 0x0000000084900000, 0x0000000084900000| Untracked 
|  74|0x0000000084a00000, 0x0000000084a00000, 0x0000000084b00000|  0%| F|  |TAMS 0x0000000084a00000, 0x0000000084a00000| Untracked 
|  75|0x0000000084b00000, 0x0000000084b00000, 0x0000000084c00000|  0%| F|  |TAMS 0x0000000084b00000, 0x0000000084b00000| Untracked 
|  76|0x0000000084c00000, 0x0000000084c00000, 0x0000000084d00000|  0%| F|  |TAMS 0x0000000084c00000, 0x0000000084c00000| Untracked 
|  77|0x0000000084d00000, 0x0000000084d00000, 0x0000000084e00000|  0%| F|  |TAMS 0x0000000084d00000, 0x0000000084d00000| Untracked 
|  78|0x0000000084e00000, 0x0000000084e00000, 0x0000000084f00000|  0%| F|  |TAMS 0x0000000084e00000, 0x0000000084e00000| Untracked 
|  79|0x0000000084f00000, 0x0000000084f00000, 0x0000000085000000|  0%| F|  |TAMS 0x0000000084f00000, 0x0000000084f00000| Untracked 
|  80|0x0000000085000000, 0x0000000085000000, 0x0000000085100000|  0%| F|  |TAMS 0x0000000085000000, 0x0000000085000000| Untracked 
|  81|0x0000000085100000, 0x0000000085100000, 0x0000000085200000|  0%| F|  |TAMS 0x0000000085100000, 0x0000000085100000| Untracked 
|  82|0x0000000085200000, 0x0000000085200000, 0x0000000085300000|  0%| F|  |TAMS 0x0000000085200000, 0x0000000085200000| Untracked 
|  83|0x0000000085300000, 0x0000000085300000, 0x0000000085400000|  0%| F|  |TAMS 0x0000000085300000, 0x0000000085300000| Untracked 
|  84|0x0000000085400000, 0x0000000085400000, 0x0000000085500000|  0%| F|  |TAMS 0x0000000085400000, 0x0000000085400000| Untracked 
|  85|0x0000000085500000, 0x0000000085500000, 0x0000000085600000|  0%| F|  |TAMS 0x0000000085500000, 0x0000000085500000| Untracked 
|  86|0x0000000085600000, 0x0000000085600000, 0x0000000085700000|  0%| F|  |TAMS 0x0000000085600000, 0x0000000085600000| Untracked 
|  87|0x0000000085700000, 0x0000000085700000, 0x0000000085800000|  0%| F|  |TAMS 0x0000000085700000, 0x0000000085700000| Untracked 
|  88|0x0000000085800000, 0x0000000085800000, 0x0000000085900000|  0%| F|  |TAMS 0x0000000085800000, 0x0000000085800000| Untracked 
|  89|0x0000000085900000, 0x0000000085900000, 0x0000000085a00000|  0%| F|  |TAMS 0x0000000085900000, 0x0000000085900000| Untracked 
|  90|0x0000000085a00000, 0x0000000085a00000, 0x0000000085b00000|  0%| F|  |TAMS 0x0000000085a00000, 0x0000000085a00000| Untracked 
|  91|0x0000000085b00000, 0x0000000085b00000, 0x0000000085c00000|  0%| F|  |TAMS 0x0000000085b00000, 0x0000000085b00000| Untracked 
|  92|0x0000000085c00000, 0x0000000085c00000, 0x0000000085d00000|  0%| F|  |TAMS 0x0000000085c00000, 0x0000000085c00000| Untracked 
|  93|0x0000000085d00000, 0x0000000085d00000, 0x0000000085e00000|  0%| F|  |TAMS 0x0000000085d00000, 0x0000000085d00000| Untracked 
|  94|0x0000000085e00000, 0x0000000085e00000, 0x0000000085f00000|  0%| F|  |TAMS 0x0000000085e00000, 0x0000000085e00000| Untracked 
|  95|0x0000000085f00000, 0x0000000085f00000, 0x0000000086000000|  0%| F|  |TAMS 0x0000000085f00000, 0x0000000085f00000| Untracked 
|  96|0x0000000086000000, 0x0000000086000000, 0x0000000086100000|  0%| F|  |TAMS 0x0000000086000000, 0x0000000086000000| Untracked 
|  97|0x0000000086100000, 0x0000000086100000, 0x0000000086200000|  0%| F|  |TAMS 0x0000000086100000, 0x0000000086100000| Untracked 
|  98|0x0000000086200000, 0x0000000086200000, 0x0000000086300000|  0%| F|  |TAMS 0x0000000086200000, 0x0000000086200000| Untracked 
|  99|0x0000000086300000, 0x0000000086300000, 0x0000000086400000|  0%| F|  |TAMS 0x0000000086300000, 0x0000000086300000| Untracked 
| 100|0x0000000086400000, 0x0000000086400000, 0x0000000086500000|  0%| F|  |TAMS 0x0000000086400000, 0x0000000086400000| Untracked 
| 101|0x0000000086500000, 0x0000000086500000, 0x0000000086600000|  0%| F|  |TAMS 0x0000000086500000, 0x0000000086500000| Untracked 
| 102|0x0000000086600000, 0x0000000086600000, 0x0000000086700000|  0%| F|  |TAMS 0x0000000086600000, 0x0000000086600000| Untracked 
| 103|0x0000000086700000, 0x0000000086700000, 0x0000000086800000|  0%| F|  |TAMS 0x0000000086700000, 0x0000000086700000| Untracked 
| 104|0x0000000086800000, 0x0000000086800000, 0x0000000086900000|  0%| F|  |TAMS 0x0000000086800000, 0x0000000086800000| Untracked 
| 105|0x0000000086900000, 0x0000000086900000, 0x0000000086a00000|  0%| F|  |TAMS 0x0000000086900000, 0x0000000086900000| Untracked 
| 106|0x0000000086a00000, 0x0000000086a00000, 0x0000000086b00000|  0%| F|  |TAMS 0x0000000086a00000, 0x0000000086a00000| Untracked 
| 107|0x0000000086b00000, 0x0000000086b00000, 0x0000000086c00000|  0%| F|  |TAMS 0x0000000086b00000, 0x0000000086b00000| Untracked 
| 108|0x0000000086c00000, 0x0000000086c00000, 0x0000000086d00000|  0%| F|  |TAMS 0x0000000086c00000, 0x0000000086c00000| Untracked 
| 109|0x0000000086d00000, 0x0000000086d00000, 0x0000000086e00000|  0%| F|  |TAMS 0x0000000086d00000, 0x0000000086d00000| Untracked 
| 110|0x0000000086e00000, 0x0000000086e00000, 0x0000000086f00000|  0%| F|  |TAMS 0x0000000086e00000, 0x0000000086e00000| Untracked 
| 111|0x0000000086f00000, 0x0000000086f00000, 0x0000000087000000|  0%| F|  |TAMS 0x0000000086f00000, 0x0000000086f00000| Untracked 
| 112|0x0000000087000000, 0x0000000087000000, 0x0000000087100000|  0%| F|  |TAMS 0x0000000087000000, 0x0000000087000000| Untracked 
| 113|0x0000000087100000, 0x0000000087100000, 0x0000000087200000|  0%| F|  |TAMS 0x0000000087100000, 0x0000000087100000| Untracked 
| 114|0x0000000087200000, 0x0000000087200000, 0x0000000087300000|  0%| F|  |TAMS 0x0000000087200000, 0x0000000087200000| Untracked 
| 115|0x0000000087300000, 0x0000000087300000, 0x0000000087400000|  0%| F|  |TAMS 0x0000000087300000, 0x0000000087300000| Untracked 
| 116|0x0000000087400000, 0x0000000087400000, 0x0000000087500000|  0%| F|  |TAMS 0x0000000087400000, 0x0000000087400000| Untracked 
| 117|0x0000000087500000, 0x0000000087500000, 0x0000000087600000|  0%| F|  |TAMS 0x0000000087500000, 0x0000000087500000| Untracked 
| 118|0x0000000087600000, 0x0000000087600000, 0x0000000087700000|  0%| F|  |TAMS 0x0000000087600000, 0x0000000087600000| Untracked 
| 119|0x0000000087700000, 0x0000000087700000, 0x0000000087800000|  0%| F|  |TAMS 0x0000000087700000, 0x0000000087700000| Untracked 
| 120|0x0000000087800000, 0x0000000087800000, 0x0000000087900000|  0%| F|  |TAMS 0x0000000087800000, 0x0000000087800000| Untracked 
| 121|0x0000000087900000, 0x0000000087900000, 0x0000000087a00000|  0%| F|  |TAMS 0x0000000087900000, 0x0000000087900000| Untracked 
| 122|0x0000000087a00000, 0x0000000087a00000, 0x0000000087b00000|  0%| F|  |TAMS 0x0000000087a00000, 0x0000000087a00000| Untracked 
| 123|0x0000000087b00000, 0x0000000087b00000, 0x0000000087c00000|  0%| F|  |TAMS 0x0000000087b00000, 0x0000000087b00000| Untracked 
| 124|0x0000000087c00000, 0x0000000087c00000, 0x0000000087d00000|  0%| F|  |TAMS 0x0000000087c00000, 0x0000000087c00000| Untracked 
| 125|0x0000000087d00000, 0x0000000087d00000, 0x0000000087e00000|  0%| F|  |TAMS 0x0000000087d00000, 0x0000000087d00000| Untracked 
| 126|0x0000000087e00000, 0x0000000087e00000, 0x0000000087f00000|  0%| F|  |TAMS 0x0000000087e00000, 0x0000000087e00000| Untracked 
| 127|0x0000000087f00000, 0x0000000087f00000, 0x0000000088000000|  0%| F|  |TAMS 0x0000000087f00000, 0x0000000087f00000| Untracked 
| 128|0x0000000088000000, 0x0000000088000000, 0x0000000088100000|  0%| F|  |TAMS 0x0000000088000000, 0x0000000088000000| Untracked 
| 129|0x0000000088100000, 0x0000000088100000, 0x0000000088200000|  0%| F|  |TAMS 0x0000000088100000, 0x0000000088100000| Untracked 
| 130|0x0000000088200000, 0x0000000088200000, 0x0000000088300000|  0%| F|  |TAMS 0x0000000088200000, 0x0000000088200000| Untracked 
| 131|0x0000000088300000, 0x0000000088300000, 0x0000000088400000|  0%| F|  |TAMS 0x0000000088300000, 0x0000000088300000| Untracked 
| 132|0x0000000088400000, 0x0000000088400000, 0x0000000088500000|  0%| F|  |TAMS 0x0000000088400000, 0x0000000088400000| Untracked 
| 133|0x0000000088500000, 0x0000000088500000, 0x0000000088600000|  0%| F|  |TAMS 0x0000000088500000, 0x0000000088500000| Untracked 
| 134|0x0000000088600000, 0x0000000088600000, 0x0000000088700000|  0%| F|  |TAMS 0x0000000088600000, 0x0000000088600000| Untracked 
| 135|0x0000000088700000, 0x0000000088700000, 0x0000000088800000|  0%| F|  |TAMS 0x0000000088700000, 0x0000000088700000| Untracked 
| 136|0x0000000088800000, 0x0000000088800000, 0x0000000088900000|  0%| F|  |TAMS 0x0000000088800000, 0x0000000088800000| Untracked 
| 137|0x0000000088900000, 0x0000000088900000, 0x0000000088a00000|  0%| F|  |TAMS 0x0000000088900000, 0x0000000088900000| Untracked 
| 138|0x0000000088a00000, 0x0000000088a00000, 0x0000000088b00000|  0%| F|  |TAMS 0x0000000088a00000, 0x0000000088a00000| Untracked 
| 139|0x0000000088b00000, 0x0000000088b00000, 0x0000000088c00000|  0%| F|  |TAMS 0x0000000088b00000, 0x0000000088b00000| Untracked 
| 140|0x0000000088c00000, 0x0000000088c00000, 0x0000000088d00000|  0%| F|  |TAMS 0x0000000088c00000, 0x0000000088c00000| Untracked 
| 141|0x0000000088d00000, 0x0000000088d00000, 0x0000000088e00000|  0%| F|  |TAMS 0x0000000088d00000, 0x0000000088d00000| Untracked 
| 142|0x0000000088e00000, 0x0000000088e00000, 0x0000000088f00000|  0%| F|  |TAMS 0x0000000088e00000, 0x0000000088e00000| Untracked 
| 143|0x0000000088f00000, 0x0000000088f00000, 0x0000000089000000|  0%| F|  |TAMS 0x0000000088f00000, 0x0000000088f00000| Untracked 
| 144|0x0000000089000000, 0x0000000089000000, 0x0000000089100000|  0%| F|  |TAMS 0x0000000089000000, 0x0000000089000000| Untracked 
| 145|0x0000000089100000, 0x0000000089100000, 0x0000000089200000|  0%| F|  |TAMS 0x0000000089100000, 0x0000000089100000| Untracked 
| 146|0x0000000089200000, 0x0000000089200000, 0x0000000089300000|  0%| F|  |TAMS 0x0000000089200000, 0x0000000089200000| Untracked 
| 147|0x0000000089300000, 0x0000000089300000, 0x0000000089400000|  0%| F|  |TAMS 0x0000000089300000, 0x0000000089300000| Untracked 
| 148|0x0000000089400000, 0x0000000089400000, 0x0000000089500000|  0%| F|  |TAMS 0x0000000089400000, 0x0000000089400000| Untracked 
| 149|0x0000000089500000, 0x0000000089500000, 0x0000000089600000|  0%| F|  |TAMS 0x0000000089500000, 0x0000000089500000| Untracked 
| 150|0x0000000089600000, 0x0000000089600000, 0x0000000089700000|  0%| F|  |TAMS 0x0000000089600000, 0x0000000089600000| Untracked 
| 151|0x0000000089700000, 0x0000000089700000, 0x0000000089800000|  0%| F|  |TAMS 0x0000000089700000, 0x0000000089700000| Untracked 
| 152|0x0000000089800000, 0x0000000089800000, 0x0000000089900000|  0%| F|  |TAMS 0x0000000089800000, 0x0000000089800000| Untracked 
| 153|0x0000000089900000, 0x0000000089900000, 0x0000000089a00000|  0%| F|  |TAMS 0x0000000089900000, 0x0000000089900000| Untracked 
| 154|0x0000000089a00000, 0x0000000089a00000, 0x0000000089b00000|  0%| F|  |TAMS 0x0000000089a00000, 0x0000000089a00000| Untracked 
| 155|0x0000000089b00000, 0x0000000089b00000, 0x0000000089c00000|  0%| F|  |TAMS 0x0000000089b00000, 0x0000000089b00000| Untracked 
| 156|0x0000000089c00000, 0x0000000089c00000, 0x0000000089d00000|  0%| F|  |TAMS 0x0000000089c00000, 0x0000000089c00000| Untracked 
| 157|0x0000000089d00000, 0x0000000089d00000, 0x0000000089e00000|  0%| F|  |TAMS 0x0000000089d00000, 0x0000000089d00000| Untracked 
| 158|0x0000000089e00000, 0x0000000089e00000, 0x0000000089f00000|  0%| F|  |TAMS 0x0000000089e00000, 0x0000000089e00000| Untracked 
| 159|0x0000000089f00000, 0x0000000089f00000, 0x000000008a000000|  0%| F|  |TAMS 0x0000000089f00000, 0x0000000089f00000| Untracked 
| 160|0x000000008a000000, 0x000000008a000000, 0x000000008a100000|  0%| F|  |TAMS 0x000000008a000000, 0x000000008a000000| Untracked 
| 161|0x000000008a100000, 0x000000008a100000, 0x000000008a200000|  0%| F|  |TAMS 0x000000008a100000, 0x000000008a100000| Untracked 
| 162|0x000000008a200000, 0x000000008a200000, 0x000000008a300000|  0%| F|  |TAMS 0x000000008a200000, 0x000000008a200000| Untracked 
| 163|0x000000008a300000, 0x000000008a300000, 0x000000008a400000|  0%| F|  |TAMS 0x000000008a300000, 0x000000008a300000| Untracked 
| 164|0x000000008a400000, 0x000000008a400000, 0x000000008a500000|  0%| F|  |TAMS 0x000000008a400000, 0x000000008a400000| Untracked 
| 165|0x000000008a500000, 0x000000008a500000, 0x000000008a600000|  0%| F|  |TAMS 0x000000008a500000, 0x000000008a500000| Untracked 
| 166|0x000000008a600000, 0x000000008a600000, 0x000000008a700000|  0%| F|  |TAMS 0x000000008a600000, 0x000000008a600000| Untracked 
| 167|0x000000008a700000, 0x000000008a700000, 0x000000008a800000|  0%| F|  |TAMS 0x000000008a700000, 0x000000008a700000| Untracked 
| 168|0x000000008a800000, 0x000000008a800000, 0x000000008a900000|  0%| F|  |TAMS 0x000000008a800000, 0x000000008a800000| Untracked 
| 169|0x000000008a900000, 0x000000008a900000, 0x000000008aa00000|  0%| F|  |TAMS 0x000000008a900000, 0x000000008a900000| Untracked 
| 170|0x000000008aa00000, 0x000000008aa00000, 0x000000008ab00000|  0%| F|  |TAMS 0x000000008aa00000, 0x000000008aa00000| Untracked 
| 171|0x000000008ab00000, 0x000000008ab00000, 0x000000008ac00000|  0%| F|  |TAMS 0x000000008ab00000, 0x000000008ab00000| Untracked 
| 172|0x000000008ac00000, 0x000000008ac00000, 0x000000008ad00000|  0%| F|  |TAMS 0x000000008ac00000, 0x000000008ac00000| Untracked 
| 173|0x000000008ad00000, 0x000000008ad00000, 0x000000008ae00000|  0%| F|  |TAMS 0x000000008ad00000, 0x000000008ad00000| Untracked 
| 174|0x000000008ae00000, 0x000000008ae00000, 0x000000008af00000|  0%| F|  |TAMS 0x000000008ae00000, 0x000000008ae00000| Untracked 
| 175|0x000000008af00000, 0x000000008af00000, 0x000000008b000000|  0%| F|  |TAMS 0x000000008af00000, 0x000000008af00000| Untracked 
| 176|0x000000008b000000, 0x000000008b000000, 0x000000008b100000|  0%| F|  |TAMS 0x000000008b000000, 0x000000008b000000| Untracked 
| 177|0x000000008b100000, 0x000000008b100000, 0x000000008b200000|  0%| F|  |TAMS 0x000000008b100000, 0x000000008b100000| Untracked 
| 178|0x000000008b200000, 0x000000008b200000, 0x000000008b300000|  0%| F|  |TAMS 0x000000008b200000, 0x000000008b200000| Untracked 
| 179|0x000000008b300000, 0x000000008b300000, 0x000000008b400000|  0%| F|  |TAMS 0x000000008b300000, 0x000000008b300000| Untracked 
| 180|0x000000008b400000, 0x000000008b400000, 0x000000008b500000|  0%| F|  |TAMS 0x000000008b400000, 0x000000008b400000| Untracked 
| 181|0x000000008b500000, 0x000000008b500000, 0x000000008b600000|  0%| F|  |TAMS 0x000000008b500000, 0x000000008b500000| Untracked 
| 182|0x000000008b600000, 0x000000008b600000, 0x000000008b700000|  0%| F|  |TAMS 0x000000008b600000, 0x000000008b600000| Untracked 
| 183|0x000000008b700000, 0x000000008b700000, 0x000000008b800000|  0%| F|  |TAMS 0x000000008b700000, 0x000000008b700000| Untracked 
| 184|0x000000008b800000, 0x000000008b800000, 0x000000008b900000|  0%| F|  |TAMS 0x000000008b800000, 0x000000008b800000| Untracked 
| 185|0x000000008b900000, 0x000000008b900000, 0x000000008ba00000|  0%| F|  |TAMS 0x000000008b900000, 0x000000008b900000| Untracked 
| 186|0x000000008ba00000, 0x000000008ba00000, 0x000000008bb00000|  0%| F|  |TAMS 0x000000008ba00000, 0x000000008ba00000| Untracked 
| 187|0x000000008bb00000, 0x000000008bb00000, 0x000000008bc00000|  0%| F|  |TAMS 0x000000008bb00000, 0x000000008bb00000| Untracked 
| 188|0x000000008bc00000, 0x000000008bc00000, 0x000000008bd00000|  0%| F|  |TAMS 0x000000008bc00000, 0x000000008bc00000| Untracked 
| 189|0x000000008bd00000, 0x000000008bd00000, 0x000000008be00000|  0%| F|  |TAMS 0x000000008bd00000, 0x000000008bd00000| Untracked 
| 190|0x000000008be00000, 0x000000008be00000, 0x000000008bf00000|  0%| F|  |TAMS 0x000000008be00000, 0x000000008be00000| Untracked 
| 191|0x000000008bf00000, 0x000000008bf00000, 0x000000008c000000|  0%| F|  |TAMS 0x000000008bf00000, 0x000000008bf00000| Untracked 
| 192|0x000000008c000000, 0x000000008c000000, 0x000000008c100000|  0%| F|  |TAMS 0x000000008c000000, 0x000000008c000000| Untracked 
| 193|0x000000008c100000, 0x000000008c100000, 0x000000008c200000|  0%| F|  |TAMS 0x000000008c100000, 0x000000008c100000| Untracked 
| 194|0x000000008c200000, 0x000000008c200000, 0x000000008c300000|  0%| F|  |TAMS 0x000000008c200000, 0x000000008c200000| Untracked 
| 195|0x000000008c300000, 0x000000008c300000, 0x000000008c400000|  0%| F|  |TAMS 0x000000008c300000, 0x000000008c300000| Untracked 
| 196|0x000000008c400000, 0x000000008c400000, 0x000000008c500000|  0%| F|  |TAMS 0x000000008c400000, 0x000000008c400000| Untracked 
| 197|0x000000008c500000, 0x000000008c500000, 0x000000008c600000|  0%| F|  |TAMS 0x000000008c500000, 0x000000008c500000| Untracked 
| 198|0x000000008c600000, 0x000000008c600000, 0x000000008c700000|  0%| F|  |TAMS 0x000000008c600000, 0x000000008c600000| Untracked 
| 199|0x000000008c700000, 0x000000008c700000, 0x000000008c800000|  0%| F|  |TAMS 0x000000008c700000, 0x000000008c700000| Untracked 
| 200|0x000000008c800000, 0x000000008c800000, 0x000000008c900000|  0%| F|  |TAMS 0x000000008c800000, 0x000000008c800000| Untracked 
| 201|0x000000008c900000, 0x000000008c900000, 0x000000008ca00000|  0%| F|  |TAMS 0x000000008c900000, 0x000000008c900000| Untracked 
| 202|0x000000008ca00000, 0x000000008ca00000, 0x000000008cb00000|  0%| F|  |TAMS 0x000000008ca00000, 0x000000008ca00000| Untracked 
| 203|0x000000008cb00000, 0x000000008cb00000, 0x000000008cc00000|  0%| F|  |TAMS 0x000000008cb00000, 0x000000008cb00000| Untracked 
| 204|0x000000008cc00000, 0x000000008cc00000, 0x000000008cd00000|  0%| F|  |TAMS 0x000000008cc00000, 0x000000008cc00000| Untracked 
| 205|0x000000008cd00000, 0x000000008cd00000, 0x000000008ce00000|  0%| F|  |TAMS 0x000000008cd00000, 0x000000008cd00000| Untracked 
| 206|0x000000008ce00000, 0x000000008ce00000, 0x000000008cf00000|  0%| F|  |TAMS 0x000000008ce00000, 0x000000008ce00000| Untracked 
| 207|0x000000008cf00000, 0x000000008cf00000, 0x000000008d000000|  0%| F|  |TAMS 0x000000008cf00000, 0x000000008cf00000| Untracked 
| 208|0x000000008d000000, 0x000000008d000000, 0x000000008d100000|  0%| F|  |TAMS 0x000000008d000000, 0x000000008d000000| Untracked 
| 209|0x000000008d100000, 0x000000008d100000, 0x000000008d200000|  0%| F|  |TAMS 0x000000008d100000, 0x000000008d100000| Untracked 
| 210|0x000000008d200000, 0x000000008d200000, 0x000000008d300000|  0%| F|  |TAMS 0x000000008d200000, 0x000000008d200000| Untracked 
| 211|0x000000008d300000, 0x000000008d300000, 0x000000008d400000|  0%| F|  |TAMS 0x000000008d300000, 0x000000008d300000| Untracked 
| 212|0x000000008d400000, 0x000000008d400000, 0x000000008d500000|  0%| F|  |TAMS 0x000000008d400000, 0x000000008d400000| Untracked 
| 213|0x000000008d500000, 0x000000008d500000, 0x000000008d600000|  0%| F|  |TAMS 0x000000008d500000, 0x000000008d500000| Untracked 
| 214|0x000000008d600000, 0x000000008d600000, 0x000000008d700000|  0%| F|  |TAMS 0x000000008d600000, 0x000000008d600000| Untracked 
| 215|0x000000008d700000, 0x000000008d700000, 0x000000008d800000|  0%| F|  |TAMS 0x000000008d700000, 0x000000008d700000| Untracked 
| 216|0x000000008d800000, 0x000000008d800000, 0x000000008d900000|  0%| F|  |TAMS 0x000000008d800000, 0x000000008d800000| Untracked 
| 217|0x000000008d900000, 0x000000008d900000, 0x000000008da00000|  0%| F|  |TAMS 0x000000008d900000, 0x000000008d900000| Untracked 
| 218|0x000000008da00000, 0x000000008da00000, 0x000000008db00000|  0%| F|  |TAMS 0x000000008da00000, 0x000000008da00000| Untracked 
| 219|0x000000008db00000, 0x000000008db00000, 0x000000008dc00000|  0%| F|  |TAMS 0x000000008db00000, 0x000000008db00000| Untracked 
| 220|0x000000008dc00000, 0x000000008dc00000, 0x000000008dd00000|  0%| F|  |TAMS 0x000000008dc00000, 0x000000008dc00000| Untracked 
| 221|0x000000008dd00000, 0x000000008dd00000, 0x000000008de00000|  0%| F|  |TAMS 0x000000008dd00000, 0x000000008dd00000| Untracked 
| 222|0x000000008de00000, 0x000000008de00000, 0x000000008df00000|  0%| F|  |TAMS 0x000000008de00000, 0x000000008de00000| Untracked 
| 223|0x000000008df00000, 0x000000008df00000, 0x000000008e000000|  0%| F|  |TAMS 0x000000008df00000, 0x000000008df00000| Untracked 
| 224|0x000000008e000000, 0x000000008e000000, 0x000000008e100000|  0%| F|  |TAMS 0x000000008e000000, 0x000000008e000000| Untracked 
| 225|0x000000008e100000, 0x000000008e100000, 0x000000008e200000|  0%| F|  |TAMS 0x000000008e100000, 0x000000008e100000| Untracked 
| 226|0x000000008e200000, 0x000000008e200000, 0x000000008e300000|  0%| F|  |TAMS 0x000000008e200000, 0x000000008e200000| Untracked 
| 227|0x000000008e300000, 0x000000008e300000, 0x000000008e400000|  0%| F|  |TAMS 0x000000008e300000, 0x000000008e300000| Untracked 
| 228|0x000000008e400000, 0x000000008e4cc570, 0x000000008e500000| 79%| S|CS|TAMS 0x000000008e400000, 0x000000008e400000| Complete 
| 229|0x000000008e500000, 0x000000008e600000, 0x000000008e600000|100%| S|CS|TAMS 0x000000008e500000, 0x000000008e500000| Complete 
| 230|0x000000008e600000, 0x000000008e700000, 0x000000008e700000|100%| S|CS|TAMS 0x000000008e600000, 0x000000008e600000| Complete 
| 231|0x000000008e700000, 0x000000008e700000, 0x000000008e800000|  0%| F|  |TAMS 0x000000008e700000, 0x000000008e700000| Untracked 
| 232|0x000000008e800000, 0x000000008e800000, 0x000000008e900000|  0%| F|  |TAMS 0x000000008e800000, 0x000000008e800000| Untracked 
| 233|0x000000008e900000, 0x000000008e900000, 0x000000008ea00000|  0%| F|  |TAMS 0x000000008e900000, 0x000000008e900000| Untracked 
| 234|0x000000008ea00000, 0x000000008ea00000, 0x000000008eb00000|  0%| F|  |TAMS 0x000000008ea00000, 0x000000008ea00000| Untracked 
| 235|0x000000008eb00000, 0x000000008eb00000, 0x000000008ec00000|  0%| F|  |TAMS 0x000000008eb00000, 0x000000008eb00000| Untracked 
| 236|0x000000008ec00000, 0x000000008ec00000, 0x000000008ed00000|  0%| F|  |TAMS 0x000000008ec00000, 0x000000008ec00000| Untracked 
| 237|0x000000008ed00000, 0x000000008ed00000, 0x000000008ee00000|  0%| F|  |TAMS 0x000000008ed00000, 0x000000008ed00000| Untracked 
| 238|0x000000008ee00000, 0x000000008ee00000, 0x000000008ef00000|  0%| F|  |TAMS 0x000000008ee00000, 0x000000008ee00000| Untracked 
| 239|0x000000008ef00000, 0x000000008ef00000, 0x000000008f000000|  0%| F|  |TAMS 0x000000008ef00000, 0x000000008ef00000| Untracked 
| 240|0x000000008f000000, 0x000000008f000000, 0x000000008f100000|  0%| F|  |TAMS 0x000000008f000000, 0x000000008f000000| Untracked 
| 241|0x000000008f100000, 0x000000008f100000, 0x000000008f200000|  0%| F|  |TAMS 0x000000008f100000, 0x000000008f100000| Untracked 
| 242|0x000000008f200000, 0x000000008f200000, 0x000000008f300000|  0%| F|  |TAMS 0x000000008f200000, 0x000000008f200000| Untracked 
| 243|0x000000008f300000, 0x000000008f300000, 0x000000008f400000|  0%| F|  |TAMS 0x000000008f300000, 0x000000008f300000| Untracked 
| 244|0x000000008f400000, 0x000000008f400000, 0x000000008f500000|  0%| F|  |TAMS 0x000000008f400000, 0x000000008f400000| Untracked 
| 245|0x000000008f500000, 0x000000008f500000, 0x000000008f600000|  0%| F|  |TAMS 0x000000008f500000, 0x000000008f500000| Untracked 
| 246|0x000000008f600000, 0x000000008f600000, 0x000000008f700000|  0%| F|  |TAMS 0x000000008f600000, 0x000000008f600000| Untracked 
| 247|0x000000008f700000, 0x000000008f700000, 0x000000008f800000|  0%| F|  |TAMS 0x000000008f700000, 0x000000008f700000| Untracked 
| 248|0x000000008f800000, 0x000000008f800000, 0x000000008f900000|  0%| F|  |TAMS 0x000000008f800000, 0x000000008f800000| Untracked 
| 249|0x000000008f900000, 0x000000008f900000, 0x000000008fa00000|  0%| F|  |TAMS 0x000000008f900000, 0x000000008f900000| Untracked 
| 250|0x000000008fa00000, 0x000000008fa00000, 0x000000008fb00000|  0%| F|  |TAMS 0x000000008fa00000, 0x000000008fa00000| Untracked 
| 251|0x000000008fb00000, 0x000000008fb00000, 0x000000008fc00000|  0%| F|  |TAMS 0x000000008fb00000, 0x000000008fb00000| Untracked 
| 252|0x000000008fc00000, 0x000000008fc00000, 0x000000008fd00000|  0%| F|  |TAMS 0x000000008fc00000, 0x000000008fc00000| Untracked 
| 253|0x000000008fd00000, 0x000000008fd00000, 0x000000008fe00000|  0%| F|  |TAMS 0x000000008fd00000, 0x000000008fd00000| Untracked 
| 254|0x000000008fe00000, 0x000000008fe80800, 0x000000008ff00000| 50%| E|  |TAMS 0x000000008fe00000, 0x000000008fe00000| Complete 
| 255|0x000000008ff00000, 0x0000000090000000, 0x0000000090000000|100%| E|CS|TAMS 0x000000008ff00000, 0x000000008ff00000| Complete 

Card table byte_map: [0x000002207d0e0000,0x000002207d4e0000] _byte_map_base: 0x000002207cce0000

Marking Bits (Prev, Next): (CMBitMap*) 0x00000220693de7a0, (CMBitMap*) 0x00000220693de768
 Prev Bits: [0x0000022000000000, 0x0000022002000000)
 Next Bits: [0x000002207d8e0000, 0x000002207f8e0000)

Polling page: 0x00000220679a0000

Metaspace:

Usage:
  Non-class:     24.24 MB capacity,    23.81 MB ( 98%) used,   386.84 KB (  2%) free+waste,    52.56 KB ( <1%) overhead. 
      Class:      3.83 MB capacity,     3.61 MB ( 94%) used,   200.48 KB (  5%) free+waste,    26.25 KB ( <1%) overhead. 
       Both:     28.07 MB capacity,    27.42 MB ( 98%) used,   587.32 KB (  2%) free+waste,    78.81 KB ( <1%) overhead. 

Virtual space:
  Non-class space:       32.00 MB reserved,      24.42 MB ( 76%) committed 
      Class space:        1.00 GB reserved,       3.88 MB ( <1%) committed 
             Both:        1.03 GB reserved,      28.30 MB (  3%) committed 

Chunk freelists:
   Non-Class:  57.00 KB
       Class:  12.00 KB
        Both:  69.00 KB

MaxMetaspaceSize: 17179869184.00 GB
CompressedClassSpaceSize: 1.00 GB

CodeHeap 'non-profiled nmethods': size=119168Kb used=1038Kb max_used=1038Kb free=118129Kb
 bounds [0x00000220748c0000, 0x0000022074b30000, 0x000002207bd20000]
CodeHeap 'profiled nmethods': size=119168Kb used=4997Kb max_used=4997Kb free=114170Kb
 bounds [0x000002206d460000, 0x000002206d950000, 0x00000220748c0000]
CodeHeap 'non-nmethods': size=7424Kb used=2833Kb max_used=2864Kb free=4591Kb
 bounds [0x000002206cd20000, 0x000002206d000000, 0x000002206d460000]
 total_blobs=2814 nmethods=2326 adapters=396
 compilation: enabled
              stopped_count=0, restarted_count=0
 full_count=0

Compilation events (20 events):
Event: 2.327 Thread 0x0000022005c5c800 2556       3       org.gradle.internal.reflect.MethodSet::getValues (13 bytes)
Event: 2.327 Thread 0x000002200595b800 2557       3       java.util.Collections::unmodifiableCollection (9 bytes)
Event: 2.327 Thread 0x000002200595b800 nmethod 2557 0x000002206d93f110 code [0x000002206d93f2e0, 0x000002206d93f628]
Event: 2.327 Thread 0x0000022005c5c800 nmethod 2556 0x000002206d93f790 code [0x000002206d93f980, 0x000002206d93fdf8]
Event: 2.327 Thread 0x00000220054a6800 2558       3       org.objectweb.asm.MethodWriter::visitFieldInsn (258 bytes)
Event: 2.327 Thread 0x000002200533e000 2559       3       org.objectweb.asm.SymbolTable::addConstantFieldref (10 bytes)
Event: 2.327 Thread 0x000002200533e000 nmethod 2559 0x000002206d93ff90 code [0x000002206d940140, 0x000002206d940288]
Event: 2.328 Thread 0x00000220054a6800 nmethod 2558 0x000002206d940390 code [0x000002206d940600, 0x000002206d941208]
Event: 2.329 Thread 0x000002200595b800 2560       3       org.objectweb.asm.SymbolTable::getType (7 bytes)
Event: 2.329 Thread 0x000002200595b800 nmethod 2560 0x000002206d941610 code [0x000002206d9417c0, 0x000002206d9418f8]
Event: 2.333 Thread 0x0000022005c5c800 2561       3       sun.reflect.generics.factory.CoreReflectionFactory::make (10 bytes)
Event: 2.333 Thread 0x000002200533e000 2562       3       sun.reflect.generics.factory.CoreReflectionFactory::<init> (15 bytes)
Event: 2.333 Thread 0x000002200533e000 nmethod 2562 0x000002206d941a10 code [0x000002206d941bc0, 0x000002206d941dd8]
Event: 2.333 Thread 0x0000022005c5c800 nmethod 2561 0x000002206d941e90 code [0x000002206d942060, 0x000002206d942318]
Event: 2.336 Thread 0x00000220054a6800 2564       3       jdk.internal.misc.Unsafe::weakCompareAndSetInt (11 bytes)
Event: 2.336 Thread 0x00000220054a6800 nmethod 2564 0x000002206d942410 code [0x000002206d9425c0, 0x000002206d9426d8]
Event: 2.341 Thread 0x000002200595b800 2565       3       com.google.common.base.Preconditions::checkArgument (28 bytes)
Event: 2.341 Thread 0x000002200533e000 2566       3       com.google.common.io.BaseEncoding$Alphabet::encode (7 bytes)
Event: 2.341 Thread 0x000002200533e000 nmethod 2566 0x000002206d942790 code [0x000002206d942940, 0x000002206d942a78]
Event: 2.341 Thread 0x000002200595b800 nmethod 2565 0x000002206d942b90 code [0x000002206d942da0, 0x000002206d943398]

GC Heap History (7 events):
Event: 0.549 GC heap before
{Heap before GC invocations=0 (full 0):
 garbage-first heap   total 262144K, used 29696K [0x0000000080000000, 0x0000000100000000)
  region size 1024K, 24 young (24576K), 0 survivors (0K)
 Metaspace       used 9976K, capacity 10156K, committed 10368K, reserved 1058816K
  class space    used 1033K, capacity 1092K, committed 1152K, reserved 1048576K
}
Event: 0.552 GC heap after
{Heap after GC invocations=1 (full 0):
 garbage-first heap   total 262144K, used 8437K [0x0000000080000000, 0x0000000100000000)
  region size 1024K, 3 young (3072K), 3 survivors (3072K)
 Metaspace       used 9976K, capacity 10156K, committed 10368K, reserved 1058816K
  class space    used 1033K, capacity 1092K, committed 1152K, reserved 1048576K
}
Event: 1.738 GC heap before
{Heap before GC invocations=1 (full 0):
 garbage-first heap   total 262144K, used 93429K [0x0000000080000000, 0x0000000100000000)
  region size 1024K, 88 young (90112K), 3 survivors (3072K)
 Metaspace       used 20640K, capacity 21125K, committed 21296K, reserved 1069056K
  class space    used 2512K, capacity 2678K, committed 2688K, reserved 1048576K
}
Event: 1.745 GC heap after
{Heap after GC invocations=2 (full 0):
 garbage-first heap   total 262144K, used 15682K [0x0000000080000000, 0x0000000100000000)
  region size 1024K, 11 young (11264K), 11 survivors (11264K)
 Metaspace       used 20640K, capacity 21125K, committed 21296K, reserved 1069056K
  class space    used 2512K, capacity 2678K, committed 2688K, reserved 1048576K
}
Event: 2.141 GC heap before
{Heap before GC invocations=3 (full 0):
 garbage-first heap   total 262144K, used 61762K [0x0000000080000000, 0x0000000100000000)
  region size 1024K, 56 young (57344K), 11 survivors (11264K)
 Metaspace       used 25769K, capacity 26339K, committed 26544K, reserved 1073152K
  class space    used 3340K, capacity 3568K, committed 3584K, reserved 1048576K
}
Event: 2.146 GC heap after
{Heap after GC invocations=4 (full 0):
 garbage-first heap   total 262144K, used 17919K [0x0000000080000000, 0x0000000100000000)
  region size 1024K, 3 young (3072K), 3 survivors (3072K)
 Metaspace       used 25769K, capacity 26339K, committed 26544K, reserved 1073152K
  class space    used 3340K, capacity 3568K, committed 3584K, reserved 1048576K
}
Event: 2.348 GC heap before
{Heap before GC invocations=4 (full 0):
 garbage-first heap   total 262144K, used 42495K [0x0000000080000000, 0x0000000100000000)
  region size 1024K, 28 young (28672K), 3 survivors (3072K)
 Metaspace       used 27981K, capacity 28619K, committed 28720K, reserved 1081344K
  class space    used 3687K, capacity 3924K, committed 3968K, reserved 1048576K
}

Deoptimization events (20 events):
Event: 2.111 Thread 0x0000022007632000 Uncommon trap: trap_request=0xffffffde fr.pc=0x00000220749187e0 relative=0x0000000000000320
Event: 2.111 Thread 0x0000022007632000 Uncommon trap: reason=class_check action=maybe_recompile pc=0x00000220749187e0 method=java.util.Collections$SetFromMap.remove(Ljava/lang/Object;)Z @ 5 c2
Event: 2.111 Thread 0x0000022007632000 DEOPT PACKING pc=0x00000220749187e0 sp=0x000000cf4a2fc870
Event: 2.111 Thread 0x0000022007632000 DEOPT UNPACKING pc=0x000002206cd474af sp=0x000000cf4a2fc858 mode 2
Event: 2.128 Thread 0x0000022007632000 Uncommon trap: trap_request=0xffffff4d fr.pc=0x00000220748e2614 relative=0x0000000000000454
Event: 2.128 Thread 0x0000022007632000 Uncommon trap: reason=unstable_if action=reinterpret pc=0x00000220748e2614 method=java.util.Properties$LineReader.readLine()I @ 249 c2
Event: 2.128 Thread 0x0000022007632000 DEOPT PACKING pc=0x00000220748e2614 sp=0x000000cf4a2fbcc0
Event: 2.128 Thread 0x0000022007632000 DEOPT UNPACKING pc=0x000002206cd474af sp=0x000000cf4a2fbc50 mode 2
Event: 2.174 Thread 0x0000022007632000 Uncommon trap: trap_request=0xffffff4d fr.pc=0x00000220749afbcc relative=0x000000000000020c
Event: 2.174 Thread 0x0000022007632000 Uncommon trap: reason=unstable_if action=reinterpret pc=0x00000220749afbcc method=java.util.HashMap.hash(Ljava/lang/Object;)I @ 1 c2
Event: 2.174 Thread 0x0000022007632000 DEOPT PACKING pc=0x00000220749afbcc sp=0x000000cf4a2f87a0
Event: 2.174 Thread 0x0000022007632000 DEOPT UNPACKING pc=0x000002206cd474af sp=0x000000cf4a2f86d8 mode 2
Event: 2.182 Thread 0x0000022007632000 Uncommon trap: trap_request=0xffffff4d fr.pc=0x00000220749050ac relative=0x000000000000008c
Event: 2.182 Thread 0x0000022007632000 Uncommon trap: reason=unstable_if action=reinterpret pc=0x00000220749050ac method=java.util.HashMap.hash(Ljava/lang/Object;)I @ 1 c2
Event: 2.182 Thread 0x0000022007632000 DEOPT PACKING pc=0x00000220749050ac sp=0x000000cf4a2f80d0
Event: 2.182 Thread 0x0000022007632000 DEOPT UNPACKING pc=0x000002206cd474af sp=0x000000cf4a2f8068 mode 2
Event: 2.257 Thread 0x0000022007632000 Uncommon trap: trap_request=0xffffff4d fr.pc=0x000002207491c488 relative=0x0000000000000a48
Event: 2.257 Thread 0x0000022007632000 Uncommon trap: reason=unstable_if action=reinterpret pc=0x000002207491c488 method=java.io.WinNTFileSystem.resolve(Ljava/lang/String;Ljava/lang/String;)Ljava/lang/String; @ 83 c2
Event: 2.258 Thread 0x0000022007632000 DEOPT PACKING pc=0x000002207491c488 sp=0x000000cf4a2f9fc0
Event: 2.258 Thread 0x0000022007632000 DEOPT UNPACKING pc=0x000002206cd474af sp=0x000000cf4a2f9f68 mode 2

Classes redefined (0 events):
No events

Internal exceptions (20 events):
Event: 1.788 Thread 0x0000022007632000 Exception <a 'java/lang/NoSuchMethodError'{0x000000008fa16f78}: 'void java.lang.invoke.DirectMethodHandle$Holder.invokeSpecial(java.lang.Object, java.lang.Object)'> (0x000000008fa16f78) thrown at [./src/hotspot/share/interpreter/linkResolver.cpp, line 773]
Event: 1.849 Thread 0x0000022007632000 Exception <a 'java/lang/NoSuchMethodError'{0x000000008f045440}: 'java.lang.Object java.lang.invoke.DirectMethodHandle$Holder.invokeVirtual(java.lang.Object, java.lang.Object, java.lang.Object, java.lang.Object)'> (0x000000008f045440) thrown at [./src/hotspot/share/interpreter/linkResolver.cpp, line 773]
Event: 1.973 Thread 0x0000022007632000 Exception <a 'java/lang/NoSuchMethodError'{0x000000008e3491e8}: 'void java.lang.invoke.DirectMethodHandle$Holder.invokeSpecial(java.lang.Object, java.lang.Object, java.lang.Object, java.lang.Object, java.lang.Object, java.lang.Object)'> (0x000000008e3491e8) thrown at [./src/hotspot/share/interpreter/linkResolver.cpp, line 773]
Event: 1.994 Thread 0x0000022007632000 Exception <a 'java/lang/NoSuchMethodError'{0x000000008e1179f0}: 'java.lang.Object java.lang.invoke.Invokers$Holder.invoker(java.lang.Object, java.lang.Object, java.lang.Object)'> (0x000000008e1179f0) thrown at [./src/hotspot/share/interpreter/linkResolver.cpp, line 773]
Event: 2.012 Thread 0x0000022007632000 Exception <a 'java/lang/NoSuchMethodError'{0x000000008e016dc0}: 'void java.lang.invoke.DirectMethodHandle$Holder.invokeSpecial(java.lang.Object, java.lang.Object, java.lang.Object, java.lang.Object, java.lang.Object, java.lang.Object, java.lang.Object)'> (0x000000008e016dc0) thrown at [./src/hotspot/share/interpreter/linkResolver.cpp, line 773]
Event: 2.012 Thread 0x0000022007632000 Exception <a 'java/lang/NoSuchMethodError'{0x000000008e01f008}: 'java.lang.Object java.lang.invoke.Invokers$Holder.linkToTargetMethod(java.lang.Object, java.lang.Object, java.lang.Object, java.lang.Object, java.lang.Object, java.lang.Object)'> (0x000000008e01f008) thrown at [./src/hotspot/share/interpreter/linkResolver.cpp, line 773]
Event: 2.024 Thread 0x0000022007632000 Exception <a 'java/lang/NoSuchMethodError'{0x000000008df422b8}: 'java.lang.Object java.lang.invoke.DirectMethodHandle$Holder.invokeVirtual(java.lang.Object, java.lang.Object, java.lang.Object, java.lang.Object, java.lang.Object, java.lang.Object, java.lang.Object, java.lang.Object, java.lang.Object, java.lang.Object, java.lang.Object, java.lang.Object, java.lang.Object, java.lang.Object, java.lang.Object, java.lang.Object, java.lang.Object)'> (0x000000008df422b8) thrown at [./src/hotspot/share/interpreter/
Event: 2.025 Thread 0x0000022007632000 Exception <a 'java/lang/NoSuchMethodError'{0x000000008df71210}: 'java.lang.Object java.lang.invoke.DirectMethodHandle$Holder.invokeSpecial(java.lang.Object, java.lang.Object, java.lang.Object, java.lang.Object, java.lang.Object, java.lang.Object, java.lang.Object, java.lang.Object, java.lang.Object)'> (0x000000008df71210) thrown at [./src/hotspot/share/interpreter/linkResolver.cpp, line 773]
Event: 2.109 Thread 0x0000022007632000 Exception <a 'java/lang/NoSuchMethodError'{0x000000008d6b3bd0}: 'java.lang.Object java.lang.invoke.DirectMethodHandle$Holder.invokeStatic(java.lang.Object, java.lang.Object, java.lang.Object, int, java.lang.Object, java.lang.Object)'> (0x000000008d6b3bd0) thrown at [./src/hotspot/share/interpreter/linkResolver.cpp, line 773]
Event: 2.109 Thread 0x0000022007632000 Exception <a 'java/lang/NoSuchMethodError'{0x000000008d6baf38}: 'java.lang.Object java.lang.invoke.Invokers$Holder.linkToTargetMethod(java.lang.Object, java.lang.Object, int, java.lang.Object, java.lang.Object, java.lang.Object)'> (0x000000008d6baf38) thrown at [./src/hotspot/share/interpreter/linkResolver.cpp, line 773]
Event: 2.124 Thread 0x0000022007632000 Exception <a 'java/lang/NoSuchMethodError'{0x000000008d43ba18}: 'void java.lang.invoke.DirectMethodHandle$Holder.invokeSpecial(java.lang.Object, java.lang.Object, java.lang.Object, java.lang.Object)'> (0x000000008d43ba18) thrown at [./src/hotspot/share/interpreter/linkResolver.cpp, line 773]
Event: 2.174 Thread 0x0000022007632000 Implicit null exception at 0x00000220749af9f5 to 0x00000220749afbbc
Event: 2.182 Thread 0x0000022007632000 Implicit null exception at 0x000002207490502f to 0x000002207490509d
Event: 2.212 Thread 0x0000022007632000 Exception <a 'java/lang/NoSuchMethodError'{0x000000008f7d1be0}: 'java.lang.Object java.lang.invoke.DirectMethodHandle$Holder.invokeSpecialIFC(java.lang.Object, java.lang.Object, java.lang.Object, java.lang.Object)'> (0x000000008f7d1be0) thrown at [./src/hotspot/share/interpreter/linkResolver.cpp, line 773]
Event: 2.218 Thread 0x0000022007632000 Exception <a 'java/lang/NoSuchMethodError'{0x000000008f68e390}: 'java.lang.Object java.lang.invoke.DirectMethodHandle$Holder.invokeSpecial(java.lang.Object, java.lang.Object, java.lang.Object, java.lang.Object, java.lang.Object, java.lang.Object, java.lang.Object, java.lang.Object, java.lang.Object, java.lang.Object, java.lang.Object, java.lang.Object, java.lang.Object)'> (0x000000008f68e390) thrown at [./src/hotspot/share/interpreter/linkResolver.cpp, line 773]
Event: 2.218 Thread 0x0000022007632000 Exception <a 'java/lang/NoSuchMethodError'{0x000000008f69f618}: 'java.lang.Object java.lang.invoke.DirectMethodHandle$Holder.invokeSpecial(java.lang.Object, java.lang.Object, java.lang.Object, java.lang.Object, java.lang.Object, java.lang.Object, java.lang.Object, java.lang.Object, java.lang.Object, java.lang.Object, java.lang.Object, java.lang.Object)'> (0x000000008f69f618) thrown at [./src/hotspot/share/interpreter/linkResolver.cpp, line 773]
Event: 2.219 Thread 0x0000022007632000 Exception <a 'java/lang/NoSuchMethodError'{0x000000008f6a4740}: 'java.lang.Object java.lang.invoke.Invokers$Holder.linkToTargetMethod(java.lang.Object, java.lang.Object, java.lang.Object, java.lang.Object, java.lang.Object, java.lang.Object, java.lang.Object, java.lang.Object, java.lang.Object, java.lang.Object, java.lang.Object)'> (0x000000008f6a4740) thrown at [./src/hotspot/share/interpreter/linkResolver.cpp, line 773]
Event: 2.225 Thread 0x0000022007632000 Exception <a 'java/lang/NoSuchMethodError'{0x000000008f59b4c0}: 'java.lang.Object java.lang.invoke.DirectMethodHandle$Holder.invokeSpecial(java.lang.Object, java.lang.Object, java.lang.Object, java.lang.Object, java.lang.Object, java.lang.Object, java.lang.Object, java.lang.Object, java.lang.Object, java.lang.Object, java.lang.Object, java.lang.Object, java.lang.Object, java.lang.Object)'> (0x000000008f59b4c0) thrown at [./src/hotspot/share/interpreter/linkResolver.cpp, line 773]
Event: 2.226 Thread 0x0000022007632000 Exception <a 'java/lang/NoSuchMethodError'{0x000000008f5acab8}: 'java.lang.Object java.lang.invoke.Invokers$Holder.linkToTargetMethod(java.lang.Object, java.lang.Object, java.lang.Object, java.lang.Object, java.lang.Object, java.lang.Object, java.lang.Object, java.lang.Object, java.lang.Object, java.lang.Object, java.lang.Object, java.lang.Object)'> (0x000000008f5acab8) thrown at [./src/hotspot/share/interpreter/linkResolver.cpp, line 773]
Event: 2.230 Thread 0x0000022007632000 Exception <a 'java/lang/NoSuchMethodError'{0x000000008f425990}: 'java.lang.Object java.lang.invoke.DirectMethodHandle$Holder.invokeStaticInit(java.lang.Object, java.lang.Object, java.lang.Object, java.lang.Object)'> (0x000000008f425990) thrown at [./src/hotspot/share/interpreter/linkResolver.cpp, line 773]

Events (20 events):
Event: 2.345 loading class org/gradle/internal/execution/steps/ResolveChangesStep done
Event: 2.345 loading class org/gradle/internal/execution/history/changes/IncrementalInputProperties
Event: 2.345 loading class org/gradle/internal/execution/history/changes/IncrementalInputProperties done
Event: 2.345 loading class org/gradle/internal/execution/steps/SkipUpToDateStep
Event: 2.345 loading class org/gradle/internal/execution/steps/SkipUpToDateStep done
Event: 2.346 loading class org/gradle/internal/execution/steps/BroadcastChangingOutputsStep
Event: 2.346 loading class org/gradle/internal/execution/steps/BroadcastChangingOutputsStep done
Event: 2.346 loading class org/gradle/internal/execution/steps/StoreExecutionStateStep
Event: 2.346 loading class org/gradle/internal/execution/steps/StoreExecutionStateStep done
Event: 2.346 loading class org/gradle/internal/execution/steps/SnapshotOutputsStep
Event: 2.346 loading class org/gradle/internal/execution/steps/SnapshotOutputsStep done
Event: 2.347 loading class org/gradle/internal/execution/CurrentSnapshotResult
Event: 2.347 loading class org/gradle/internal/execution/CurrentSnapshotResult done
Event: 2.347 loading class org/gradle/internal/execution/steps/CreateOutputsStep
Event: 2.347 loading class org/gradle/internal/execution/steps/CreateOutputsStep done
Event: 2.347 loading class org/gradle/internal/execution/steps/TimeoutStep
Event: 2.347 loading class org/gradle/internal/execution/steps/TimeoutStep done
Event: 2.347 loading class org/gradle/internal/execution/steps/ResolveInputChangesStep
Event: 2.347 loading class org/gradle/internal/execution/steps/ResolveInputChangesStep done
Event: 2.348 Executing VM operation: CollectForMetadataAllocation


Dynamic libraries:
0x00007ff7c7f30000 - 0x00007ff7c7f3a000 	E:\Program Files\Android\Android Studio\jre\bin\java.exe
0x00007ffb08d10000 - 0x00007ffb08f05000 	C:\WINDOWS\SYSTEM32\ntdll.dll
0x00007ffb07120000 - 0x00007ffb071dd000 	C:\WINDOWS\System32\KERNEL32.DLL
0x00007ffb06810000 - 0x00007ffb06ad8000 	C:\WINDOWS\System32\KERNELBASE.dll
0x00007ffb06710000 - 0x00007ffb06810000 	C:\WINDOWS\System32\ucrtbase.dll
0x00007ffafd2a0000 - 0x00007ffafd2b9000 	E:\Program Files\Android\Android Studio\jre\bin\jli.dll
0x00007ffafb9e0000 - 0x00007ffafb9f7000 	E:\Program Files\Android\Android Studio\jre\bin\VCRUNTIME140.dll
0x00007ffb07a10000 - 0x00007ffb07bb0000 	C:\WINDOWS\System32\USER32.dll
0x00007ffb06ae0000 - 0x00007ffb06b02000 	C:\WINDOWS\System32\win32u.dll
0x00007ffae8d60000 - 0x00007ffae8ffa000 	C:\WINDOWS\WinSxS\amd64_microsoft.windows.common-controls_6595b64144ccf1df_6.0.19041.844_none_ca00b6081b84eb1d\COMCTL32.dll
0x00007ffb07f20000 - 0x00007ffb07f4a000 	C:\WINDOWS\System32\GDI32.dll
0x00007ffb080a0000 - 0x00007ffb0813e000 	C:\WINDOWS\System32\msvcrt.dll
0x00007ffb06bd0000 - 0x00007ffb06cdb000 	C:\WINDOWS\System32\gdi32full.dll
0x00007ffb06ce0000 - 0x00007ffb06d7d000 	C:\WINDOWS\System32\msvcp_win.dll
0x00007ffb07d60000 - 0x00007ffb07d90000 	C:\WINDOWS\System32\IMM32.DLL
0x00007ffad03f0000 - 0x00007ffad048d000 	E:\Program Files\Android\Android Studio\jre\bin\msvcp140.dll
0x00007ffac3f60000 - 0x00007ffac4a1c000 	E:\Program Files\Android\Android Studio\jre\bin\server\jvm.dll
0x00007ffb08310000 - 0x00007ffb083bc000 	C:\WINDOWS\System32\ADVAPI32.dll
0x00007ffb08270000 - 0x00007ffb0830b000 	C:\WINDOWS\System32\sechost.dll
0x00007ffb07d90000 - 0x00007ffb07ebb000 	C:\WINDOWS\System32\RPCRT4.dll
0x00007ffb07fc0000 - 0x00007ffb07fc8000 	C:\WINDOWS\System32\PSAPI.DLL
0x00007ffaf2110000 - 0x00007ffaf2137000 	C:\WINDOWS\SYSTEM32\WINMM.dll
0x00007ffb04ce0000 - 0x00007ffb04ce9000 	C:\WINDOWS\SYSTEM32\WSOCK32.dll
0x00007ffb04c10000 - 0x00007ffb04c1a000 	C:\WINDOWS\SYSTEM32\VERSION.dll
0x00007ffb07f50000 - 0x00007ffb07fbb000 	C:\WINDOWS\System32\WS2_32.dll
0x00007ffb04d50000 - 0x00007ffb04d62000 	C:\WINDOWS\SYSTEM32\kernel.appcore.dll
0x00007ffafcff0000 - 0x00007ffafd001000 	E:\Program Files\Android\Android Studio\jre\bin\verify.dll
0x00007ffafe1a0000 - 0x00007ffafe384000 	C:\WINDOWS\SYSTEM32\DBGHELP.DLL
0x00007ffafd6c0000 - 0x00007ffafd6ec000 	C:\WINDOWS\SYSTEM32\dbgcore.DLL
0x00007ffb06b40000 - 0x00007ffb06bc3000 	C:\WINDOWS\System32\bcryptPrimitives.dll
0x00007ffafb0c0000 - 0x00007ffafb0e9000 	E:\Program Files\Android\Android Studio\jre\bin\java.dll
0x00007ffb04ca0000 - 0x00007ffb04cab000 	E:\Program Files\Android\Android Studio\jre\bin\jimage.dll
0x00007ffafb9c0000 - 0x00007ffafb9d8000 	E:\Program Files\Android\Android Studio\jre\bin\zip.dll
0x00007ffb08500000 - 0x00007ffb08c3f000 	C:\WINDOWS\System32\SHELL32.dll
0x00007ffb04480000 - 0x00007ffb04c10000 	C:\WINDOWS\SYSTEM32\windows.storage.dll
0x00007ffb07650000 - 0x00007ffb079a5000 	C:\WINDOWS\System32\combase.dll
0x00007ffb05ec0000 - 0x00007ffb05eec000 	C:\WINDOWS\SYSTEM32\Wldp.dll
0x00007ffb083c0000 - 0x00007ffb0846e000 	C:\WINDOWS\System32\SHCORE.dll
0x00007ffb07ec0000 - 0x00007ffb07f15000 	C:\WINDOWS\System32\shlwapi.dll
0x00007ffb06390000 - 0x00007ffb063af000 	C:\WINDOWS\SYSTEM32\profapi.dll
0x00007ffafa600000 - 0x00007ffafa61a000 	E:\Program Files\Android\Android Studio\jre\bin\net.dll
0x00007ffb011c0000 - 0x00007ffb012cb000 	C:\WINDOWS\SYSTEM32\WINHTTP.dll
0x00007ffb05c30000 - 0x00007ffb05c9a000 	C:\WINDOWS\system32\mswsock.dll
0x00007ffae9ab0000 - 0x00007ffae9ac4000 	E:\Program Files\Android\Android Studio\jre\bin\nio.dll
0x00007ffafb060000 - 0x00007ffafb087000 	C:\Users\roder\.gradle\native\fdc75f09e3144964f2cf3f50f0aa648679c211496f362492102eb8c894070792\windows-amd64\native-platform.dll
0x00007ffacaa80000 - 0x00007ffacac16000 	C:\Users\roder\.gradle\native\12488b8bf47d2d4c9fbf2f6322a914ad602e24e48041cd04a747c6da556b65c4\windows-amd64\native-platform-file-events.dll
0x00007ffafd570000 - 0x00007ffafd57a000 	E:\Program Files\Android\Android Studio\jre\bin\management.dll
0x00007ffafcfe0000 - 0x00007ffafcfec000 	E:\Program Files\Android\Android Studio\jre\bin\management_ext.dll
0x00007ffb05e10000 - 0x00007ffb05e28000 	C:\WINDOWS\SYSTEM32\CRYPTSP.dll
0x00007ffb05500000 - 0x00007ffb05534000 	C:\WINDOWS\system32\rsaenh.dll
0x00007ffb06b10000 - 0x00007ffb06b37000 	C:\WINDOWS\System32\bcrypt.dll
0x00007ffb06350000 - 0x00007ffb0637e000 	C:\WINDOWS\SYSTEM32\USERENV.dll
0x00007ffb05e00000 - 0x00007ffb05e0c000 	C:\WINDOWS\SYSTEM32\CRYPTBASE.dll
0x00007ffb058d0000 - 0x00007ffb0590b000 	C:\WINDOWS\SYSTEM32\IPHLPAPI.DLL
0x00007ffb08140000 - 0x00007ffb08148000 	C:\WINDOWS\System32\NSI.dll
0x00007ffb00480000 - 0x00007ffb00497000 	C:\WINDOWS\SYSTEM32\dhcpcsvc6.DLL
0x00007ffb00a80000 - 0x00007ffb00a9d000 	C:\WINDOWS\SYSTEM32\dhcpcsvc.DLL
0x00007ffb05910000 - 0x00007ffb059dc000 	C:\WINDOWS\SYSTEM32\DNSAPI.dll
0x00007ffb00d20000 - 0x00007ffb00d2b000 	C:\WINDOWS\SYSTEM32\WINNSI.DLL

dbghelp: loaded successfully - version: 4.0.5 - missing functions: none
symbol engine: initialized successfully - sym options: 0x614 - pdb path: .;E:\Program Files\Android\Android Studio\jre\bin;C:\WINDOWS\SYSTEM32;C:\WINDOWS\WinSxS\amd64_microsoft.windows.common-controls_6595b64144ccf1df_6.0.19041.844_none_ca00b6081b84eb1d;E:\Program Files\Android\Android Studio\jre\bin\server;C:\Users\roder\.gradle\native\fdc75f09e3144964f2cf3f50f0aa648679c211496f362492102eb8c894070792\windows-amd64;C:\Users\roder\.gradle\native\12488b8bf47d2d4c9fbf2f6322a914ad602e24e48041cd04a747c6da556b65c4\windows-amd64

VM Arguments:
jvm_args: --add-opens=java.base/java.util=ALL-UNNAMED --add-opens=java.base/java.lang=ALL-UNNAMED --add-opens=java.base/java.lang.invoke=ALL-UNNAMED --add-opens=java.prefs/java.util.prefs=ALL-UNNAMED -Xmx2048m -Dfile.encoding=UTF-8 -Duser.country=US -Duser.language=en -Duser.variant 
java_command: org.gradle.launcher.daemon.bootstrap.GradleDaemon 6.7.1
java_class_path (initial): C:\Users\roder\.gradle\wrapper\dists\gradle-6.7.1-bin\bwlcbys1h7rz3272sye1xwiv6\gradle-6.7.1\lib\gradle-launcher-6.7.1.jar
Launcher Type: SUN_STANDARD

[Global flags]
     intx CICompilerCount                          = 12                                        {product} {ergonomic}
     uint ConcGCThreads                            = 3                                         {product} {ergonomic}
     uint G1ConcRefinementThreads                  = 13                                        {product} {ergonomic}
   size_t G1HeapRegionSize                         = 1048576                                   {product} {ergonomic}
    uintx GCDrainStackTargetSize                   = 64                                        {product} {ergonomic}
   size_t InitialHeapSize                          = 268435456                                 {product} {ergonomic}
   size_t MarkStackSize                            = 4194304                                   {product} {ergonomic}
   size_t MaxHeapSize                              = 2147483648                                {product} {command line}
   size_t MaxNewSize                               = 1287651328                                {product} {ergonomic}
   size_t MinHeapDeltaBytes                        = 1048576                                   {product} {ergonomic}
    uintx NonNMethodCodeHeapSize                   = 7594288                                {pd product} {ergonomic}
    uintx NonProfiledCodeHeapSize                  = 122031976                              {pd product} {ergonomic}
    uintx ProfiledCodeHeapSize                     = 122031976                              {pd product} {ergonomic}
    uintx ReservedCodeCacheSize                    = 251658240                              {pd product} {ergonomic}
     bool SegmentedCodeCache                       = true                                      {product} {ergonomic}
     bool UseCompressedClassPointers               = true                                 {lp64_product} {ergonomic}
     bool UseCompressedOops                        = true                                 {lp64_product} {ergonomic}
     bool UseG1GC                                  = true                                      {product} {ergonomic}
     bool UseLargePagesIndividualAllocation        = false                                  {pd product} {ergonomic}

Logging:
Log output configuration:
 #0: stdout all=warning uptime,level,tags
 #1: stderr all=off uptime,level,tags

Environment Variables:
PATH=C:\Program Files\ImageMagick-7.0.10-Q16;C:\Program Files (x86)\ImageMagick-7.0.10-Q16;C:\Program Files (x86)\ImageMagick-6.7.5-Q16;C:\Program Files (x86)\Common Files\Oracle\Java\javapath;c:\programdata\oracle\java\javapath;c:\program files (x86)\pc connectivity solution\;c:\program files\imagemagick-7.0.5-q16;c:\windows\system32;c:\windows;c:\windows\system32\wbem;c:\windows\system32\windowspowershell\v1.0\;c:\program files (x86)\intel\opencl sdk\2.0\bin\x86;c:\program files (x86)\intel\opencl sdk\2.0\bin\x64;C:\Program Files (x86)\Intel\OpenCL SDK\2.0\bin\x86;C:\Program Files (x86)\Intel\OpenCL SDK\2.0\bin\x64;C:\WINDOWS\system32;C:\WINDOWS;C:\WINDOWS\System32\Wbem;C:\WINDOWS\System32\WindowsPowerShell\v1.0\;C:\WINDOWS\System32\OpenSSH\;C:\Program Files (x86)\GtkSharp\2.12\bin;C:\Program Files\NVIDIA Corporation\NVIDIA NvDLISR;C:\WINDOWS\system32;C:\WINDOWS;C:\WINDOWS\System32\Wbem;C:\WINDOWS\System32\WindowsPowerShell\v1.0\;C:\WINDOWS\System32\OpenSSH\;C:\Program Files\PuTTY\;C:\Program Files (x86)\WinSCP\;C:\Program Files (x86)\NVIDIA Corporation\PhysX\Common;E:\xampp_1\php;C:\ProgramData\ComposerSetup\bin;C:\Users\roder\AppData\Local\Programs\Python\Python38\Scripts\;C:\Users\roder\AppData\Local\Programs\Python\Python38\;C:\Users\roder\AppData\Local\Programs\Python\Python36-32\Scripts\;C:\Users\roder\AppData\Local\Programs\Python\Python36-32\;C:\Users\roder\AppData\Local\Microsoft\WindowsApps;C:\Users\roder\AppData\Local\Pandoc\;%USERPROFILE%\AppData\Local\Microsoft\WindowsApps;C:\Users\roder\AppData\Roaming\Composer\vendor\bin;E:\Games\The Legend of Zelda - Breath of the Wild\bcml_installer
USERNAME=roder
OS=Windows_NT
PROCESSOR_IDENTIFIER=Intel64 Family 6 Model 165 Stepping 5, GenuineIntel



---------------  S Y S T E M  ---------------

OS: Windows 10 , 64 bit Build 19041 (10.0.19041.1023)
OS uptime: 5 days 13:47 hours

CPU:total 16 (initial active 16) (8 cores per cpu, 2 threads per core) family 6 model 165 stepping 5, cmov, cx8, fxsr, mmx, sse, sse2, sse3, ssse3, sse4.1, sse4.2, popcnt, avx, avx2, aes, clmul, erms, 3dnowpref, lzcnt, ht, tsc, tscinvbit, bmi1, bmi2, adx, fma

Memory: 4k page, system-wide physical 16290M (6413M free)
TotalPageFile size 65442M (AvailPageFile size 4M)
current process WorkingSet (physical memory assigned to process): 265M, peak: 265M
current process commit charge ("private bytes"): 462M, peak: 462M

vm_info: OpenJDK 64-Bit Server VM (11.0.8+10-b944.6842174) for windows-amd64 JRE (11.0.8+10-b944.6842174), built on Sep 19 2020 01:11:42 by "builder" with MS VC++ 14.0 (VS2015)

END.
